This file contains any messages produced by compilers while
running configure, to aid debugging if configure makes a mistake.

It was created by libusb configure 1.0.18, which was
generated by GNU Autoconf 2.69.  Invocation command line was

  $ ./configure 

## --------- ##
## Platform. ##
## --------- ##

hostname = MBA.local
uname -m = x86_64
uname -r = 13.0.2
uname -s = Darwin
uname -v = Darwin Kernel Version 13.0.2: Sun Sep 29 19:38:57 PDT 2013; root:xnu-2422.75.4~1/RELEASE_X86_64

/usr/bin/uname -p = i386
/bin/uname -X     = unknown

/bin/arch              = unknown
/usr/bin/arch -k       = unknown
/usr/convex/getsysinfo = unknown
/usr/bin/hostinfo      = Mach kernel version:
	 Darwin Kernel Version 13.0.2: Sun Sep 29 19:38:57 PDT 2013; root:xnu-2422.75.4~1/RELEASE_X86_64
Kernel configured for up to 4 processors.
2 processors are physically available.
4 processors are logically available.
Processor type: i486 (Intel 80486)
Processors active: 0 1 2 3
Primary memory available: 16.00 gigabytes
Default processor set: 236 tasks, 1218 threads, 4 processors
Load average: 3.02, Mach factor: 0.97
/bin/machine           = unknown
/usr/bin/oslevel       = unknown
/bin/universe          = unknown

PATH: /usr/local/bin
PATH: /usr/bin
PATH: /bin
PATH: /usr/sbin
PATH: /sbin
PATH: /usr/local/bin
PATH: /opt/X11/bin
PATH: /usr/texbin


## ----------- ##
## Core tests. ##
## ----------- ##

configure:2413: checking for a BSD-compatible install
configure:2481: result: /usr/bin/install -c
configure:2492: checking whether build environment is sane
configure:2542: result: yes
configure:2683: checking for a thread-safe mkdir -p
configure:2722: result: ./install-sh -c -d
configure:2735: checking for gawk
configure:2765: result: no
configure:2735: checking for mawk
configure:2765: result: no
configure:2735: checking for nawk
configure:2765: result: no
configure:2735: checking for awk
configure:2751: found /usr/bin/awk
configure:2762: result: awk
configure:2773: checking whether make sets $(MAKE)
configure:2795: result: yes
configure:2876: checking whether to enable maintainer-specific portions of Makefiles
configure:2885: result: no
configure:2914: checking whether make supports nested variables
configure:2931: result: yes
configure:2992: checking for gcc
configure:3008: found /usr/bin/gcc
configure:3019: result: gcc
configure:3248: checking for C compiler version
configure:3257: gcc --version >&5
Apple LLVM version 5.0 (clang-500.2.79) (based on LLVM 3.3svn)
Target: x86_64-apple-darwin13.0.2
Thread model: posix
Configured with: --prefix=/Applications/Xcode.app/Contents/Developer/usr --with-gxx-include-dir=/usr/include/c++/4.2.1
configure:3268: $? = 0
configure:3257: gcc -v >&5
Configured with: --prefix=/Applications/Xcode.app/Contents/Developer/usr --with-gxx-include-dir=/usr/include/c++/4.2.1
Apple LLVM version 5.0 (clang-500.2.79) (based on LLVM 3.3svn)
Target: x86_64-apple-darwin13.0.2
Thread model: posix
configure:3268: $? = 0
configure:3257: gcc -V >&5
clang: error: argument to '-V' is missing (expected 1 value)
clang: error: no input files
configure:3268: $? = 1
configure:3257: gcc -qversion >&5
clang: error: no input files
configure:3268: $? = 1
configure:3288: checking whether the C compiler works
configure:3310: gcc    conftest.c  >&5
configure:3314: $? = 0
configure:3362: result: yes
configure:3365: checking for C compiler default output file name
configure:3367: result: a.out
configure:3373: checking for suffix of executables
configure:3380: gcc -o conftest    conftest.c  >&5
configure:3384: $? = 0
configure:3406: result: 
configure:3428: checking whether we are cross compiling
configure:3436: gcc -o conftest    conftest.c  >&5
configure:3440: $? = 0
configure:3447: ./conftest
configure:3451: $? = 0
configure:3466: result: no
configure:3471: checking for suffix of object files
configure:3493: gcc -c   conftest.c >&5
configure:3497: $? = 0
configure:3518: result: o
configure:3522: checking whether we are using the GNU C compiler
configure:3541: gcc -c   conftest.c >&5
configure:3541: $? = 0
configure:3550: result: yes
configure:3559: checking whether gcc accepts -g
configure:3579: gcc -c -g  conftest.c >&5
configure:3579: $? = 0
configure:3620: result: yes
configure:3637: checking for gcc option to accept ISO C89
configure:3700: gcc  -c -g -O2  conftest.c >&5
configure:3700: $? = 0
configure:3713: result: none needed
configure:3744: checking for style of include used by make
configure:3772: result: GNU
configure:3798: checking dependency style of gcc
configure:3909: result: gcc3
configure:3953: checking build system type
configure:3967: result: x86_64-apple-darwin13.0.2
configure:3987: checking host system type
configure:4000: result: x86_64-apple-darwin13.0.2
configure:4041: checking how to print strings
configure:4068: result: printf
configure:4089: checking for a sed that does not truncate output
configure:4153: result: /usr/bin/sed
configure:4171: checking for grep that handles long lines and -e
configure:4229: result: /usr/bin/grep
configure:4234: checking for egrep
configure:4296: result: /usr/bin/grep -E
configure:4301: checking for fgrep
configure:4363: result: /usr/bin/grep -F
configure:4398: checking for ld used by gcc
configure:4465: result: /Applications/Xcode.app/Contents/Developer/Toolchains/XcodeDefault.xctoolchain/usr/bin/ld
configure:4472: checking if the linker (/Applications/Xcode.app/Contents/Developer/Toolchains/XcodeDefault.xctoolchain/usr/bin/ld) is GNU ld
configure:4487: result: no
configure:4499: checking for BSD- or MS-compatible name lister (nm)
configure:4548: result: /usr/bin/nm
configure:4678: checking the name lister (/usr/bin/nm) interface
configure:4685: gcc -c -g -O2  conftest.c >&5
configure:4688: /usr/bin/nm "conftest.o"
configure:4691: output
0000000000000224 S _some_variable
configure:4698: result: BSD nm
configure:4701: checking whether ln -s works
configure:4705: result: yes
configure:4713: checking the maximum length of command line arguments
configure:4843: result: 196608
configure:4860: checking whether the shell understands some XSI constructs
configure:4870: result: yes
configure:4874: checking whether the shell understands "+="
configure:4880: result: yes
configure:4915: checking how to convert x86_64-apple-darwin13.0.2 file names to x86_64-apple-darwin13.0.2 format
configure:4955: result: func_convert_file_noop
configure:4962: checking how to convert x86_64-apple-darwin13.0.2 file names to toolchain format
configure:4982: result: func_convert_file_noop
configure:4989: checking for /Applications/Xcode.app/Contents/Developer/Toolchains/XcodeDefault.xctoolchain/usr/bin/ld option to reload object files
configure:4996: result: -r
configure:5070: checking for objdump
configure:5100: result: no
configure:5129: checking how to recognize dependent libraries
configure:5331: result: pass_all
configure:5416: checking for dlltool
configure:5446: result: no
configure:5476: checking how to associate runtime and link libraries
configure:5503: result: printf %s\n
configure:5564: checking for ar
configure:5580: found /usr/bin/ar
configure:5591: result: ar
configure:5628: checking for archiver @FILE support
configure:5645: gcc -c -g -O2  conftest.c >&5
configure:5645: $? = 0
configure:5648: ar cru libconftest.a @conftest.lst >&5
ar: @conftest.lst: No such file or directory
configure:5651: $? = 1
configure:5671: result: no
configure:5729: checking for strip
configure:5745: found /usr/bin/strip
configure:5756: result: strip
configure:5828: checking for ranlib
configure:5844: found /usr/bin/ranlib
configure:5855: result: ranlib
configure:5957: checking command to parse /usr/bin/nm output from gcc object
configure:6077: gcc -c -g -O2  conftest.c >&5
configure:6080: $? = 0
configure:6084: /usr/bin/nm conftest.o \| sed -n -e 's/^.*[ ]\([BCDEGRST][BCDEGRST]*\)[ ][ ]*\([_A-Za-z][_A-Za-z0-9]*\)$/\1 \2 \2/p' | sed '/ __gnu_lto/d' \> conftest.nm
configure:6087: $? = 0
cannot find nm_test_var in conftest.nm
configure:6077: gcc -c -g -O2  conftest.c >&5
configure:6080: $? = 0
configure:6084: /usr/bin/nm conftest.o \| sed -n -e 's/^.*[ ]\([BCDEGRST][BCDEGRST]*\)[ ][ ]*_\([_A-Za-z][_A-Za-z0-9]*\)$/\1 _\2 \2/p' | sed '/ __gnu_lto/d' \> conftest.nm
configure:6087: $? = 0
configure:6153: gcc -o conftest -g -O2   conftest.c conftstm.o >&5
configure:6156: $? = 0
configure:6194: result: ok
configure:6231: checking for sysroot
configure:6261: result: no
configure:6517: checking for mt
configure:6547: result: no
configure:6567: checking if : is a manifest tool
configure:6573: : '-?'
configure:6581: result: no
configure:6637: checking for dsymutil
configure:6653: found /usr/bin/dsymutil
configure:6664: result: dsymutil
configure:6729: checking for nmedit
configure:6745: found /usr/bin/nmedit
configure:6756: result: nmedit
configure:6821: checking for lipo
configure:6837: found /usr/bin/lipo
configure:6848: result: lipo
configure:6913: checking for otool
configure:6929: found /usr/bin/otool
configure:6940: result: otool
configure:7005: checking for otool64
configure:7035: result: no
configure:7080: checking for -single_module linker flag
gcc -g -O2  -o libconftest.dylib -dynamiclib -Wl,-single_module conftest.c
configure:7113: result: yes
configure:7116: checking for -exported_symbols_list linker flag
configure:7136: gcc -o conftest -g -O2   -Wl,-exported_symbols_list,conftest.sym conftest.c  >&5
configure:7136: $? = 0
configure:7146: result: yes
configure:7149: checking for -force_load linker flag
gcc -g -O2 -c -o conftest.o conftest.c
ar cru libconftest.a conftest.o
ranlib libconftest.a
gcc -g -O2  -o conftest conftest.c -Wl,-force_load,./libconftest.a
configure:7181: result: yes
configure:7223: checking how to run the C preprocessor
configure:7254: gcc -E  conftest.c
configure:7254: $? = 0
configure:7268: gcc -E  conftest.c
conftest.c:11:10: fatal error: 'ac_nonexistent.h' file not found
#include <ac_nonexistent.h>
         ^
1 error generated.
configure:7268: $? = 1
configure: failed program was:
| /* confdefs.h */
| #define PACKAGE_NAME "libusb"
| #define PACKAGE_TARNAME "libusb"
| #define PACKAGE_VERSION "1.0.18"
| #define PACKAGE_STRING "libusb 1.0.18"
| #define PACKAGE_BUGREPORT "libusb-devel@lists.sourceforge.net"
| #define PACKAGE_URL "http://libusb.info"
| #define PACKAGE "libusb"
| #define VERSION "1.0.18"
| /* end confdefs.h.  */
| #include <ac_nonexistent.h>
configure:7293: result: gcc -E
configure:7313: gcc -E  conftest.c
configure:7313: $? = 0
configure:7327: gcc -E  conftest.c
conftest.c:11:10: fatal error: 'ac_nonexistent.h' file not found
#include <ac_nonexistent.h>
         ^
1 error generated.
configure:7327: $? = 1
configure: failed program was:
| /* confdefs.h */
| #define PACKAGE_NAME "libusb"
| #define PACKAGE_TARNAME "libusb"
| #define PACKAGE_VERSION "1.0.18"
| #define PACKAGE_STRING "libusb 1.0.18"
| #define PACKAGE_BUGREPORT "libusb-devel@lists.sourceforge.net"
| #define PACKAGE_URL "http://libusb.info"
| #define PACKAGE "libusb"
| #define VERSION "1.0.18"
| /* end confdefs.h.  */
| #include <ac_nonexistent.h>
configure:7356: checking for ANSI C header files
configure:7376: gcc -c -g -O2  conftest.c >&5
configure:7376: $? = 0
configure:7449: gcc -o conftest -g -O2   conftest.c  >&5
configure:7449: $? = 0
configure:7449: ./conftest
configure:7449: $? = 0
configure:7460: result: yes
configure:7473: checking for sys/types.h
configure:7473: gcc -c -g -O2  conftest.c >&5
configure:7473: $? = 0
configure:7473: result: yes
configure:7473: checking for sys/stat.h
configure:7473: gcc -c -g -O2  conftest.c >&5
configure:7473: $? = 0
configure:7473: result: yes
configure:7473: checking for stdlib.h
configure:7473: gcc -c -g -O2  conftest.c >&5
configure:7473: $? = 0
configure:7473: result: yes
configure:7473: checking for string.h
configure:7473: gcc -c -g -O2  conftest.c >&5
configure:7473: $? = 0
configure:7473: result: yes
configure:7473: checking for memory.h
configure:7473: gcc -c -g -O2  conftest.c >&5
configure:7473: $? = 0
configure:7473: result: yes
configure:7473: checking for strings.h
configure:7473: gcc -c -g -O2  conftest.c >&5
configure:7473: $? = 0
configure:7473: result: yes
configure:7473: checking for inttypes.h
configure:7473: gcc -c -g -O2  conftest.c >&5
configure:7473: $? = 0
configure:7473: result: yes
configure:7473: checking for stdint.h
configure:7473: gcc -c -g -O2  conftest.c >&5
configure:7473: $? = 0
configure:7473: result: yes
configure:7473: checking for unistd.h
configure:7473: gcc -c -g -O2  conftest.c >&5
configure:7473: $? = 0
configure:7473: result: yes
configure:7487: checking for dlfcn.h
configure:7487: gcc -c -g -O2  conftest.c >&5
configure:7487: $? = 0
configure:7487: result: yes
configure:7693: checking for objdir
configure:7708: result: .libs
configure:7975: checking if gcc supports -fno-rtti -fno-exceptions
configure:7993: gcc -c -g -O2  -fno-rtti -fno-exceptions conftest.c >&5
configure:7997: $? = 0
configure:8010: result: yes
configure:8337: checking for gcc option to produce PIC
configure:8344: result: -fno-common -DPIC
configure:8352: checking if gcc PIC flag -fno-common -DPIC works
configure:8370: gcc -c -g -O2  -fno-common -DPIC -DPIC conftest.c >&5
configure:8374: $? = 0
configure:8387: result: yes
configure:8416: checking if gcc static flag -static works
configure:8444: result: no
configure:8459: checking if gcc supports -c -o file.o
configure:8480: gcc -c -g -O2  -o out/conftest2.o conftest.c >&5
configure:8484: $? = 0
configure:8506: result: yes
configure:8514: checking if gcc supports -c -o file.o
configure:8561: result: yes
configure:8594: checking whether the gcc linker (/Applications/Xcode.app/Contents/Developer/Toolchains/XcodeDefault.xctoolchain/usr/bin/ld) supports shared libraries
configure:9747: result: yes
configure:9987: checking dynamic linker characteristics
configure:10720: result: darwin13.0.2 dyld
configure:10827: checking how to hardcode library paths into programs
configure:10852: result: immediate
configure:11392: checking whether stripping libraries is possible
configure:11406: result: yes
configure:11432: checking if libtool supports shared libraries
configure:11434: result: yes
configure:11437: checking whether to build shared libraries
configure:11458: result: yes
configure:11461: checking whether to build static libraries
configure:11465: result: yes
configure:11545: checking for windres
configure:11575: result: no
configure:11679: checking for inline
configure:11695: gcc -c -g -O2  conftest.c >&5
configure:11695: $? = 0
configure:11703: result: inline
configure:11722: checking whether gcc and cc understand -c and -o together
configure:11753: gcc -c conftest.c -o conftest2.o >&5
configure:11757: $? = 0
configure:11763: gcc -c conftest.c -o conftest2.o >&5
configure:11767: $? = 0
configure:11778: cc -c conftest.c >&5
configure:11782: $? = 0
configure:11790: cc -c conftest.c -o conftest2.o >&5
configure:11794: $? = 0
configure:11800: cc -c conftest.c -o conftest2.o >&5
configure:11804: $? = 0
configure:11822: result: yes
configure:11853: checking operating system
configure:11874: result: Darwin/Mac OS X
configure:12122: checking poll.h usability
configure:12122: gcc -c -g -O2  conftest.c >&5
configure:12122: $? = 0
configure:12122: result: yes
configure:12122: checking poll.h presence
configure:12122: gcc -E  conftest.c
configure:12122: $? = 0
configure:12122: result: yes
configure:12122: checking for poll.h
configure:12122: result: yes
configure:12132: checking for nfds_t
configure:12132: gcc -c -g -O2  conftest.c >&5
configure:12132: $? = 0
configure:12132: gcc -c -g -O2  conftest.c >&5
conftest.c:31:21: error: expected expression
if (sizeof ((nfds_t)))
                    ^
1 error generated.
configure:12132: $? = 1
configure: failed program was:
| /* confdefs.h */
| #define PACKAGE_NAME "libusb"
| #define PACKAGE_TARNAME "libusb"
| #define PACKAGE_VERSION "1.0.18"
| #define PACKAGE_STRING "libusb 1.0.18"
| #define PACKAGE_BUGREPORT "libusb-devel@lists.sourceforge.net"
| #define PACKAGE_URL "http://libusb.info"
| #define PACKAGE "libusb"
| #define VERSION "1.0.18"
| #define STDC_HEADERS 1
| #define HAVE_SYS_TYPES_H 1
| #define HAVE_SYS_STAT_H 1
| #define HAVE_STDLIB_H 1
| #define HAVE_STRING_H 1
| #define HAVE_MEMORY_H 1
| #define HAVE_STRINGS_H 1
| #define HAVE_INTTYPES_H 1
| #define HAVE_STDINT_H 1
| #define HAVE_UNISTD_H 1
| #define HAVE_DLFCN_H 1
| #define LT_OBJDIR ".libs/"
| #define _GNU_SOURCE 1
| #define OS_DARWIN 1
| #define HAVE_POLL_H 1
| /* end confdefs.h.  */
| #include <poll.h>
| 
| int
| main ()
| {
| if (sizeof ((nfds_t)))
| 	    return 0;
|   ;
|   return 0;
| }
configure:12132: result: yes
configure:12277: checking sys/timerfd.h usability
configure:12277: gcc -c -g -O2  conftest.c >&5
conftest.c:61:10: fatal error: 'sys/timerfd.h' file not found
#include <sys/timerfd.h>
         ^
1 error generated.
configure:12277: $? = 1
configure: failed program was:
| /* confdefs.h */
| #define PACKAGE_NAME "libusb"
| #define PACKAGE_TARNAME "libusb"
| #define PACKAGE_VERSION "1.0.18"
| #define PACKAGE_STRING "libusb 1.0.18"
| #define PACKAGE_BUGREPORT "libusb-devel@lists.sourceforge.net"
| #define PACKAGE_URL "http://libusb.info"
| #define PACKAGE "libusb"
| #define VERSION "1.0.18"
| #define STDC_HEADERS 1
| #define HAVE_SYS_TYPES_H 1
| #define HAVE_SYS_STAT_H 1
| #define HAVE_STDLIB_H 1
| #define HAVE_STRING_H 1
| #define HAVE_MEMORY_H 1
| #define HAVE_STRINGS_H 1
| #define HAVE_INTTYPES_H 1
| #define HAVE_STDINT_H 1
| #define HAVE_UNISTD_H 1
| #define HAVE_DLFCN_H 1
| #define LT_OBJDIR ".libs/"
| #define _GNU_SOURCE 1
| #define OS_DARWIN 1
| #define HAVE_POLL_H 1
| #define POLL_NFDS_TYPE nfds_t
| #define THREADS_POSIX 1
| /* end confdefs.h.  */
| #include <stdio.h>
| #ifdef HAVE_SYS_TYPES_H
| # include <sys/types.h>
| #endif
| #ifdef HAVE_SYS_STAT_H
| # include <sys/stat.h>
| #endif
| #ifdef STDC_HEADERS
| # include <stdlib.h>
| # include <stddef.h>
| #else
| # ifdef HAVE_STDLIB_H
| #  include <stdlib.h>
| # endif
| #endif
| #ifdef HAVE_STRING_H
| # if !defined STDC_HEADERS && defined HAVE_MEMORY_H
| #  include <memory.h>
| # endif
| # include <string.h>
| #endif
| #ifdef HAVE_STRINGS_H
| # include <strings.h>
| #endif
| #ifdef HAVE_INTTYPES_H
| # include <inttypes.h>
| #endif
| #ifdef HAVE_STDINT_H
| # include <stdint.h>
| #endif
| #ifdef HAVE_UNISTD_H
| # include <unistd.h>
| #endif
| #include <sys/timerfd.h>
configure:12277: result: no
configure:12277: checking sys/timerfd.h presence
configure:12277: gcc -E  conftest.c
conftest.c:28:10: fatal error: 'sys/timerfd.h' file not found
#include <sys/timerfd.h>
         ^
1 error generated.
configure:12277: $? = 1
configure: failed program was:
| /* confdefs.h */
| #define PACKAGE_NAME "libusb"
| #define PACKAGE_TARNAME "libusb"
| #define PACKAGE_VERSION "1.0.18"
| #define PACKAGE_STRING "libusb 1.0.18"
| #define PACKAGE_BUGREPORT "libusb-devel@lists.sourceforge.net"
| #define PACKAGE_URL "http://libusb.info"
| #define PACKAGE "libusb"
| #define VERSION "1.0.18"
| #define STDC_HEADERS 1
| #define HAVE_SYS_TYPES_H 1
| #define HAVE_SYS_STAT_H 1
| #define HAVE_STDLIB_H 1
| #define HAVE_STRING_H 1
| #define HAVE_MEMORY_H 1
| #define HAVE_STRINGS_H 1
| #define HAVE_INTTYPES_H 1
| #define HAVE_STDINT_H 1
| #define HAVE_UNISTD_H 1
| #define HAVE_DLFCN_H 1
| #define LT_OBJDIR ".libs/"
| #define _GNU_SOURCE 1
| #define OS_DARWIN 1
| #define HAVE_POLL_H 1
| #define POLL_NFDS_TYPE nfds_t
| #define THREADS_POSIX 1
| /* end confdefs.h.  */
| #include <sys/timerfd.h>
configure:12277: result: no
configure:12277: checking for sys/timerfd.h
configure:12277: result: no
configure:12297: checking whether TFD_NONBLOCK is declared
configure:12297: gcc -c -g -O2  conftest.c >&5
conftest.c:28:10: fatal error: 'sys/timerfd.h' file not found
#include <sys/timerfd.h>
         ^
1 error generated.
configure:12297: $? = 1
configure: failed program was:
| /* confdefs.h */
| #define PACKAGE_NAME "libusb"
| #define PACKAGE_TARNAME "libusb"
| #define PACKAGE_VERSION "1.0.18"
| #define PACKAGE_STRING "libusb 1.0.18"
| #define PACKAGE_BUGREPORT "libusb-devel@lists.sourceforge.net"
| #define PACKAGE_URL "http://libusb.info"
| #define PACKAGE "libusb"
| #define VERSION "1.0.18"
| #define STDC_HEADERS 1
| #define HAVE_SYS_TYPES_H 1
| #define HAVE_SYS_STAT_H 1
| #define HAVE_STDLIB_H 1
| #define HAVE_STRING_H 1
| #define HAVE_MEMORY_H 1
| #define HAVE_STRINGS_H 1
| #define HAVE_INTTYPES_H 1
| #define HAVE_STDINT_H 1
| #define HAVE_UNISTD_H 1
| #define HAVE_DLFCN_H 1
| #define LT_OBJDIR ".libs/"
| #define _GNU_SOURCE 1
| #define OS_DARWIN 1
| #define HAVE_POLL_H 1
| #define POLL_NFDS_TYPE nfds_t
| #define THREADS_POSIX 1
| /* end confdefs.h.  */
| #include <sys/timerfd.h>
| 
| int
| main ()
| {
| #ifndef TFD_NONBLOCK
| #ifdef __cplusplus
|   (void) TFD_NONBLOCK;
| #else
|   (void) TFD_NONBLOCK;
| #endif
| #endif
| 
|   ;
|   return 0;
| }
configure:12297: result: no
configure:12309: checking whether to use timerfd for timing
configure:12322: result: no (header not available)
configure:12327: checking for struct timespec
configure:12327: gcc -c -g -O2  conftest.c >&5
configure:12327: $? = 0
configure:12327: gcc -c -g -O2  conftest.c >&5
conftest.c:64:30: error: expected expression
if (sizeof ((struct timespec)))
                             ^
1 error generated.
configure:12327: $? = 1
configure: failed program was:
| /* confdefs.h */
| #define PACKAGE_NAME "libusb"
| #define PACKAGE_TARNAME "libusb"
| #define PACKAGE_VERSION "1.0.18"
| #define PACKAGE_STRING "libusb 1.0.18"
| #define PACKAGE_BUGREPORT "libusb-devel@lists.sourceforge.net"
| #define PACKAGE_URL "http://libusb.info"
| #define PACKAGE "libusb"
| #define VERSION "1.0.18"
| #define STDC_HEADERS 1
| #define HAVE_SYS_TYPES_H 1
| #define HAVE_SYS_STAT_H 1
| #define HAVE_STDLIB_H 1
| #define HAVE_STRING_H 1
| #define HAVE_MEMORY_H 1
| #define HAVE_STRINGS_H 1
| #define HAVE_INTTYPES_H 1
| #define HAVE_STDINT_H 1
| #define HAVE_UNISTD_H 1
| #define HAVE_DLFCN_H 1
| #define LT_OBJDIR ".libs/"
| #define _GNU_SOURCE 1
| #define OS_DARWIN 1
| #define HAVE_POLL_H 1
| #define POLL_NFDS_TYPE nfds_t
| #define THREADS_POSIX 1
| /* end confdefs.h.  */
| #include <stdio.h>
| #ifdef HAVE_SYS_TYPES_H
| # include <sys/types.h>
| #endif
| #ifdef HAVE_SYS_STAT_H
| # include <sys/stat.h>
| #endif
| #ifdef STDC_HEADERS
| # include <stdlib.h>
| # include <stddef.h>
| #else
| # ifdef HAVE_STDLIB_H
| #  include <stdlib.h>
| # endif
| #endif
| #ifdef HAVE_STRING_H
| # if !defined STDC_HEADERS && defined HAVE_MEMORY_H
| #  include <memory.h>
| # endif
| # include <string.h>
| #endif
| #ifdef HAVE_STRINGS_H
| # include <strings.h>
| #endif
| #ifdef HAVE_INTTYPES_H
| # include <inttypes.h>
| #endif
| #ifdef HAVE_STDINT_H
| # include <stdint.h>
| #endif
| #ifdef HAVE_UNISTD_H
| # include <unistd.h>
| #endif
| int
| main ()
| {
| if (sizeof ((struct timespec)))
| 	    return 0;
|   ;
|   return 0;
| }
configure:12327: result: yes
configure:12381: checking syslog.h usability
configure:12381: gcc -c -g -O2  conftest.c >&5
configure:12381: $? = 0
configure:12381: result: yes
configure:12381: checking syslog.h presence
configure:12381: gcc -E  conftest.c
configure:12381: $? = 0
configure:12381: result: yes
configure:12381: checking for syslog.h
configure:12381: result: yes
configure:12391: checking for syslog
configure:12391: gcc -o conftest -g -O2   conftest.c -lobjc -Wl,-framework,IOKit -Wl,-framework,CoreFoundation >&5
configure:12391: $? = 0
configure:12391: result: yes
configure:12453: gcc -c -g -O2 -Werror -fvisibility=hidden  conftest.c >&5
configure:12453: $? = 0
configure:12481: gcc -c -g -O2 -Wno-pointer-sign  conftest.c >&5
configure:12481: $? = 0
configure:12490: checking for sigaction
configure:12490: gcc -o conftest -g -O2   conftest.c -lobjc -Wl,-framework,IOKit -Wl,-framework,CoreFoundation >&5
configure:12490: $? = 0
configure:12490: result: yes
configure:12509: checking sys/time.h usability
configure:12509: gcc -c -g -O2  conftest.c >&5
configure:12509: $? = 0
configure:12509: result: yes
configure:12509: checking sys/time.h presence
configure:12509: gcc -E  conftest.c
configure:12509: $? = 0
configure:12509: result: yes
configure:12509: checking for sys/time.h
configure:12509: result: yes
configure:12521: checking for gettimeofday
configure:12521: gcc -o conftest -g -O2   conftest.c -lobjc -Wl,-framework,IOKit -Wl,-framework,CoreFoundation >&5
configure:12521: $? = 0
configure:12521: result: yes
configure:12532: checking signal.h usability
configure:12532: gcc -c -g -O2  conftest.c >&5
configure:12532: $? = 0
configure:12532: result: yes
configure:12532: checking signal.h presence
configure:12532: gcc -E  conftest.c
configure:12532: $? = 0
configure:12532: result: yes
configure:12532: checking for signal.h
configure:12532: result: yes
configure:12740: creating ./config.status

## ---------------------- ##
## Running config.status. ##
## ---------------------- ##

This file was extended by libusb config.status 1.0.18, which was
generated by GNU Autoconf 2.69.  Invocation command line was

  CONFIG_FILES    = 
  CONFIG_HEADERS  = 
  CONFIG_LINKS    = 
  CONFIG_COMMANDS = 
  $ ./config.status 

on MBA.local

config.status:1175: creating libusb-1.0.pc
config.status:1175: creating Makefile
config.status:1175: creating libusb/Makefile
config.status:1175: creating examples/Makefile
config.status:1175: creating tests/Makefile
config.status:1175: creating doc/Makefile
config.status:1175: creating doc/doxygen.cfg
config.status:1175: creating config.h
config.status:1356: config.h is unchanged
config.status:1404: executing depfiles commands
config.status:1404: executing libtool commands

## ---------------- ##
## Cache variables. ##
## ---------------- ##

ac_cv_build=x86_64-apple-darwin13.0.2
ac_cv_c_compiler_gnu=yes
ac_cv_c_inline=inline
ac_cv_env_CC_set=
ac_cv_env_CC_value=
ac_cv_env_CFLAGS_set=
ac_cv_env_CFLAGS_value=
ac_cv_env_CPPFLAGS_set=
ac_cv_env_CPPFLAGS_value=
ac_cv_env_CPP_set=
ac_cv_env_CPP_value=
ac_cv_env_LDFLAGS_set=
ac_cv_env_LDFLAGS_value=
ac_cv_env_LIBS_set=
ac_cv_env_LIBS_value=
ac_cv_env_build_alias_set=
ac_cv_env_build_alias_value=
ac_cv_env_host_alias_set=
ac_cv_env_host_alias_value=
ac_cv_env_target_alias_set=
ac_cv_env_target_alias_value=
ac_cv_func_gettimeofday=yes
ac_cv_func_sigaction=yes
ac_cv_func_syslog=yes
ac_cv_have_decl_TFD_NONBLOCK=no
ac_cv_header_dlfcn_h=yes
ac_cv_header_inttypes_h=yes
ac_cv_header_memory_h=yes
ac_cv_header_poll_h=yes
ac_cv_header_signal_h=yes
ac_cv_header_stdc=yes
ac_cv_header_stdint_h=yes
ac_cv_header_stdlib_h=yes
ac_cv_header_string_h=yes
ac_cv_header_strings_h=yes
ac_cv_header_sys_stat_h=yes
ac_cv_header_sys_time_h=yes
ac_cv_header_sys_timerfd_h=no
ac_cv_header_sys_types_h=yes
ac_cv_header_syslog_h=yes
ac_cv_header_unistd_h=yes
ac_cv_host=x86_64-apple-darwin13.0.2
ac_cv_objext=o
ac_cv_path_EGREP='/usr/bin/grep -E'
ac_cv_path_FGREP='/usr/bin/grep -F'
ac_cv_path_GREP=/usr/bin/grep
ac_cv_path_SED=/usr/bin/sed
ac_cv_path_install='/usr/bin/install -c'
ac_cv_prog_AWK=awk
ac_cv_prog_CPP='gcc -E'
ac_cv_prog_ac_ct_AR=ar
ac_cv_prog_ac_ct_CC=gcc
ac_cv_prog_ac_ct_DSYMUTIL=dsymutil
ac_cv_prog_ac_ct_LIPO=lipo
ac_cv_prog_ac_ct_NMEDIT=nmedit
ac_cv_prog_ac_ct_OTOOL=otool
ac_cv_prog_ac_ct_RANLIB=ranlib
ac_cv_prog_ac_ct_STRIP=strip
ac_cv_prog_cc_c89=
ac_cv_prog_cc_g=yes
ac_cv_prog_cc_gcc_c_o=yes
ac_cv_prog_make_make_set=yes
ac_cv_type_nfds_t=yes
ac_cv_type_struct_timespec=yes
am_cv_CC_dependencies_compiler_type=gcc3
am_cv_make_support_nested_variables=yes
lt_cv_apple_cc_single_mod=yes
lt_cv_ar_at_file=no
lt_cv_deplibs_check_method=pass_all
lt_cv_file_magic_cmd='$MAGIC_CMD'
lt_cv_file_magic_test_file=
lt_cv_ld_exported_symbols_list=yes
lt_cv_ld_force_load=yes
lt_cv_ld_reload_flag=-r
lt_cv_nm_interface='BSD nm'
lt_cv_objdir=.libs
lt_cv_path_LD=/Applications/Xcode.app/Contents/Developer/Toolchains/XcodeDefault.xctoolchain/usr/bin/ld
lt_cv_path_NM=/usr/bin/nm
lt_cv_path_mainfest_tool=no
lt_cv_prog_compiler_c_o=yes
lt_cv_prog_compiler_c_o_RC=yes
lt_cv_prog_compiler_pic='-fno-common -DPIC'
lt_cv_prog_compiler_pic_works=yes
lt_cv_prog_compiler_rtti_exceptions=yes
lt_cv_prog_compiler_static_works=no
lt_cv_prog_gnu_ld=no
lt_cv_sharedlib_from_linklib_cmd='printf %s\n'
lt_cv_sys_global_symbol_pipe='sed -n -e '\''s/^.*[	 ]\([BCDEGRST][BCDEGRST]*\)[	 ][	 ]*_\([_A-Za-z][_A-Za-z0-9]*\)$/\1 _\2 \2/p'\'' | sed '\''/ __gnu_lto/d'\'''
lt_cv_sys_global_symbol_to_c_name_address='sed -n -e '\''s/^: \([^ ]*\)[ ]*$/  {\"\1\", (void *) 0},/p'\'' -e '\''s/^[BCDEGRST]* \([^ ]*\) \([^ ]*\)$/  {"\2", (void *) \&\2},/p'\'''
lt_cv_sys_global_symbol_to_c_name_address_lib_prefix='sed -n -e '\''s/^: \([^ ]*\)[ ]*$/  {\"\1\", (void *) 0},/p'\'' -e '\''s/^[BCDEGRST]* \([^ ]*\) \(lib[^ ]*\)$/  {"\2", (void *) \&\2},/p'\'' -e '\''s/^[BCDEGRST]* \([^ ]*\) \([^ ]*\)$/  {"lib\2", (void *) \&\2},/p'\'''
lt_cv_sys_global_symbol_to_cdecl='sed -n -e '\''s/^T .* \(.*\)$/extern int \1();/p'\'' -e '\''s/^[BCDEGRST]* .* \(.*\)$/extern char \1;/p'\'''
lt_cv_sys_max_cmd_len=196608
lt_cv_to_host_file_cmd=func_convert_file_noop
lt_cv_to_tool_file_cmd=func_convert_file_noop

## ----------------- ##
## Output variables. ##
## ----------------- ##

ACLOCAL='${SHELL} /Users/hiroya/Documents/node-libpafe/deps/unix/libusb-1.0.18/missing --run aclocal-1.11'
AMDEPBACKSLASH='\'
AMDEP_FALSE='#'
AMDEP_TRUE=''
AMTAR='$${TAR-tar}'
AM_BACKSLASH='\'
AM_CFLAGS=' -std=gnu99 -Wall -Wundef -Wunused -Wstrict-prototypes -Werror-implicit-function-declaration -Wno-pointer-sign -Wshadow  -fvisibility=hidden'
AM_DEFAULT_V='$(AM_DEFAULT_VERBOSITY)'
AM_DEFAULT_VERBOSITY='0'
AM_V='$(V)'
AR='ar'
AUTOCONF='${SHELL} /Users/hiroya/Documents/node-libpafe/deps/unix/libusb-1.0.18/missing --run autoconf'
AUTOHEADER='${SHELL} /Users/hiroya/Documents/node-libpafe/deps/unix/libusb-1.0.18/missing --run autoheader'
AUTOMAKE='${SHELL} /Users/hiroya/Documents/node-libpafe/deps/unix/libusb-1.0.18/missing --run automake-1.11'
AWK='awk'
BUILD_EXAMPLES_FALSE=''
BUILD_EXAMPLES_TRUE='#'
BUILD_TESTS_FALSE=''
BUILD_TESTS_TRUE='#'
CC='gcc'
CCDEPMODE='depmode=gcc3'
CFLAGS='-g -O2'
CPP='gcc -E'
CPPFLAGS=''
CREATE_IMPORT_LIB_FALSE=''
CREATE_IMPORT_LIB_TRUE='#'
CYGPATH_W='echo'
DEFS='-DHAVE_CONFIG_H'
DEPDIR='.deps'
DLLTOOL='false'
DSYMUTIL='dsymutil'
DUMPBIN=''
ECHO_C='\c'
ECHO_N=''
ECHO_T=''
EGREP='/usr/bin/grep -E'
EXEEXT=''
FGREP='/usr/bin/grep -F'
GREP='/usr/bin/grep'
HAVE_SIGACTION_FALSE='#'
HAVE_SIGACTION_TRUE=''
INSTALL_DATA='${INSTALL} -m 644'
INSTALL_PROGRAM='${INSTALL}'
INSTALL_SCRIPT='${INSTALL}'
INSTALL_STRIP_PROGRAM='$(install_sh) -c -s'
LD='/Applications/Xcode.app/Contents/Developer/Toolchains/XcodeDefault.xctoolchain/usr/bin/ld'
LDFLAGS=''
LIBOBJS=''
LIBS='-lobjc -Wl,-framework,IOKit -Wl,-framework,CoreFoundation'
LIBTOOL='$(SHELL) $(top_builddir)/libtool'
LIPO='lipo'
LN_S='ln -s'
LTLDFLAGS='-version-info 1:0:1 -no-undefined -Wl,-prebind'
LTLIBOBJS=''
MAINT='#'
MAINTAINER_MODE_FALSE=''
MAINTAINER_MODE_TRUE='#'
MAKEINFO='${SHELL} /Users/hiroya/Documents/node-libpafe/deps/unix/libusb-1.0.18/missing --run makeinfo'
MANIFEST_TOOL=':'
MKDIR_P='./install-sh -c -d'
NM='/usr/bin/nm'
NMEDIT='nmedit'
OBJDUMP='false'
OBJEXT='o'
OS_DARWIN=''
OS_DARWIN_FALSE='#'
OS_DARWIN_TRUE=''
OS_LINUX=''
OS_LINUX_FALSE=''
OS_LINUX_TRUE='#'
OS_NETBSD=''
OS_NETBSD_FALSE=''
OS_NETBSD_TRUE='#'
OS_OPENBSD=''
OS_OPENBSD_FALSE=''
OS_OPENBSD_TRUE='#'
OS_WINDOWS=''
OS_WINDOWS_FALSE=''
OS_WINDOWS_TRUE='#'
OTOOL64=':'
OTOOL='otool'
PACKAGE='libusb'
PACKAGE_BUGREPORT='libusb-devel@lists.sourceforge.net'
PACKAGE_NAME='libusb'
PACKAGE_STRING='libusb 1.0.18'
PACKAGE_TARNAME='libusb'
PACKAGE_URL='http://libusb.info'
PACKAGE_VERSION='1.0.18'
PATH_SEPARATOR=':'
RANLIB='ranlib'
RC=''
SED='/usr/bin/sed'
SET_MAKE=''
SHELL='/bin/sh'
STRIP='strip'
THREADS_POSIX_FALSE='#'
THREADS_POSIX_TRUE=''
USE_UDEV=''
USE_UDEV_FALSE=''
USE_UDEV_TRUE='#'
VERSION='1.0.18'
ac_ct_AR='ar'
ac_ct_CC='gcc'
ac_ct_DUMPBIN=''
am__EXEEXT_FALSE=''
am__EXEEXT_TRUE='#'
am__fastdepCC_FALSE='#'
am__fastdepCC_TRUE=''
am__include='include'
am__isrc=''
am__leading_dot='.'
am__nodep='_no'
am__quote=''
am__tar='$${TAR-tar} chof - "$$tardir"'
am__untar='$${TAR-tar} xf -'
bindir='${exec_prefix}/bin'
build='x86_64-apple-darwin13.0.2'
build_alias=''
build_cpu='x86_64'
build_os='darwin13.0.2'
build_vendor='apple'
datadir='${datarootdir}'
datarootdir='${prefix}/share'
docdir='${datarootdir}/doc/${PACKAGE_TARNAME}'
dvidir='${docdir}'
exec_prefix='${prefix}'
host='x86_64-apple-darwin13.0.2'
host_alias=''
host_cpu='x86_64'
host_os='darwin13.0.2'
host_vendor='apple'
htmldir='${docdir}'
includedir='${prefix}/include'
infodir='${datarootdir}/info'
install_sh='${SHELL} /Users/hiroya/Documents/node-libpafe/deps/unix/libusb-1.0.18/install-sh'
libdir='${exec_prefix}/lib'
libexecdir='${exec_prefix}/libexec'
localedir='${datarootdir}/locale'
localstatedir='${prefix}/var'
mandir='${datarootdir}/man'
mkdir_p='$(top_builddir)/./install-sh -c -d'
oldincludedir='/usr/include'
pdfdir='${docdir}'
prefix='/usr/local'
program_transform_name='s,x,x,'
psdir='${docdir}'
sbindir='${exec_prefix}/sbin'
sharedstatedir='${prefix}/com'
sysconfdir='${prefix}/etc'
target_alias=''

## ----------- ##
## confdefs.h. ##
## ----------- ##

/* confdefs.h */
#define PACKAGE_NAME "libusb"
#define PACKAGE_TARNAME "libusb"
#define PACKAGE_VERSION "1.0.18"
#define PACKAGE_STRING "libusb 1.0.18"
#define PACKAGE_BUGREPORT "libusb-devel@lists.sourceforge.net"
#define PACKAGE_URL "http://libusb.info"
#define PACKAGE "libusb"
#define VERSION "1.0.18"
#define STDC_HEADERS 1
#define HAVE_SYS_TYPES_H 1
#define HAVE_SYS_STAT_H 1
#define HAVE_STDLIB_H 1
#define HAVE_STRING_H 1
#define HAVE_MEMORY_H 1
#define HAVE_STRINGS_H 1
#define HAVE_INTTYPES_H 1
#define HAVE_STDINT_H 1
#define HAVE_UNISTD_H 1
#define HAVE_DLFCN_H 1
#define LT_OBJDIR ".libs/"
#define _GNU_SOURCE 1
#define OS_DARWIN 1
#define HAVE_POLL_H 1
#define POLL_NFDS_TYPE nfds_t
#define THREADS_POSIX 1
#define HAVE_STRUCT_TIMESPEC 1
#define ENABLE_LOGGING 1
#define HAVE_SYSLOG_H 1
#define HAVE_SYSLOG_FUNC 1
#define DEFAULT_VISIBILITY __attribute__((visibility("default")))
#define HAVE_SYS_TIME_H 1
#define HAVE_GETTIMEOFDAY 1
#define HAVE_SIGNAL_H 1

configure: exit 0
